Assembler report for TopDE
Thu Feb 13 14:42:25 2025
Quartus Prime Version 23.1std.1 Build 993 05/14/2024 SC Lite Edition


---------------------
; Table of Contents ;
---------------------
  1. Legal Notice
  2. Assembler Summary
  3. Assembler Settings
  4. Assembler Generated Files
  5. Assembler Device Options: C:/Users/Arthur/Documents/Processador-Risc-V-32bits-Pipeline-ISA-Reduzida/RISCV-v24/RISC-V_v24_restored/output_files/TopDE.sof
  6. Assembler Messages



----------------
; Legal Notice ;
----------------
Copyright (C) 2024  Intel Corporation. All rights reserved.
Your use of Intel Corporation's design tools, logic functions 
and other software and tools, and any partner logic 
functions, and any output files from any of the foregoing 
(including device programming or simulation files), and any 
associated documentation or information are expressly subject 
to the terms and conditions of the Intel Program License 
Subscription Agreement, the Intel Quartus Prime License Agreement,
the Intel FPGA IP License Agreement, or other applicable license
agreement, including, without limitation, that your use is for
the sole purpose of programming logic devices manufactured by
Intel and sold by Intel or its authorized distributors.  Please
refer to the applicable agreement for further details, at
https://fpgasoftware.intel.com/eula.



+---------------------------------------------------------------+
; Assembler Summary                                             ;
+-----------------------+---------------------------------------+
; Assembler Status      ; Successful - Thu Feb 13 14:42:25 2025 ;
; Revision Name         ; TopDE                                 ;
; Top-level Entity Name ; CPU                                   ;
; Family                ; Cyclone V                             ;
; Device                ; 5CSEMA5F31C6                          ;
+-----------------------+---------------------------------------+


+----------------------------------+
; Assembler Settings               ;
+--------+---------+---------------+
; Option ; Setting ; Default Value ;
+--------+---------+---------------+


+--------------------------------------------------------------------------------------------------------------------------------+
; Assembler Generated Files                                                                                                      ;
+--------------------------------------------------------------------------------------------------------------------------------+
; File Name                                                                                                                      ;
+--------------------------------------------------------------------------------------------------------------------------------+
; C:/Users/Arthur/Documents/Processador-Risc-V-32bits-Pipeline-ISA-Reduzida/RISCV-v24/RISC-V_v24_restored/output_files/TopDE.sof ;
+--------------------------------------------------------------------------------------------------------------------------------+


+----------------------------------------------------------------------------------------------------------------------------------------------------------+
; Assembler Device Options: C:/Users/Arthur/Documents/Processador-Risc-V-32bits-Pipeline-ISA-Reduzida/RISCV-v24/RISC-V_v24_restored/output_files/TopDE.sof ;
+----------------+-----------------------------------------------------------------------------------------------------------------------------------------+
; Option         ; Setting                                                                                                                                 ;
+----------------+-----------------------------------------------------------------------------------------------------------------------------------------+
; JTAG usercode  ; 0x01D8720B                                                                                                                              ;
; Checksum       ; 0x01D8720B                                                                                                                              ;
+----------------+-----------------------------------------------------------------------------------------------------------------------------------------+


+--------------------+
; Assembler Messages ;
+--------------------+
Info: *******************************************************************
Info: Running Quartus Prime Assembler
    Info: Version 23.1std.1 Build 993 05/14/2024 SC Lite Edition
    Info: Processing started: Thu Feb 13 14:42:12 2025
Info: Command: quartus_asm --read_settings_files=off --write_settings_files=off RISC-V -c TopDE
Info (115030): Assembler is generating device programming files
Warning (12914): The file, C:/Users/Arthur/Documents/Processador-Risc-V-32bits-Pipeline-ISA-Reduzida/RISCV-v24/ADC_Controller.sopcinfo, is not embedded into sof file as expected.  Some tools, such as System Console, may not function fully.
Info: Quartus Prime Assembler was successful. 0 errors, 1 warning
    Info: Peak virtual memory: 4991 megabytes
    Info: Processing ended: Thu Feb 13 14:42:26 2025
    Info: Elapsed time: 00:00:14
    Info: Total CPU time (on all processors): 00:00:11


