Archive Project report for TopDE
Thu Feb 13 19:40:31 2025
Quartus Prime Version 23.1std.1 Build 993 05/14/2024 SC Lite Edition


---------------------
; Table of Contents ;
---------------------
  1. Legal Notice
  2. Archive Project Summary
  3. Archive Project Messages
  4. Files Archived



----------------
; Legal Notice ;
----------------
Copyright (C) 2024  Intel Corporation. All rights reserved.
Your use of Intel Corporation's design tools, logic functions 
and other software and tools, and any partner logic 
functions, and any output files from any of the foregoing 
(including device programming or simulation files), and any 
associated documentation or information are expressly subject 
to the terms and conditions of the Intel Program License 
Subscription Agreement, the Intel Quartus Prime License Agreement,
the Intel FPGA IP License Agreement, or other applicable license
agreement, including, without limitation, that your use is for
the sole purpose of programming logic devices manufactured by
Intel and sold by Intel or its authorized distributors.  Please
refer to the applicable agreement for further details, at
https://fpgasoftware.intel.com/eula.



+----------------------------------------------------------------+
; Archive Project Summary                                        ;
+------------------------+---------------------------------------+
; Archive Project Status ; Successful - Thu Feb 13 19:40:31 2025 ;
; Revision Name          ; TopDE                                 ;
; Top-level Entity Name  ; TopDE                                 ;
; Family                 ; Cyclone V                             ;
+------------------------+---------------------------------------+


+--------------------------+
; Archive Project Messages ;
+--------------------------+
Info: File Set 'Source control' contains:
    Info: Project source and settings files
    Info: Automatically detected source files
Warning: Hierarchical Platform Designer systems and custom IP components(_hw.tcl and associated files) are not archived by the Quartus Archiver
Info: Archive will store files relative to the closest common parent directory
Info (13213): Using common directory C:/Users/Arthur/Documents/Processador-Risc-V-32bits-Pipeline-ISA-Reduzida/Pipeline_RV32Red_restored/
Info: ----------------------------------------------------------
Info: ----------------------------------------------------------
Info: Generated archive 'C:/Users/Arthur/Documents/Processador-Risc-V-32bits-Pipeline-ISA-Reduzida/PROJETO FINALIZADO/Pipeline_RV32Red.qar'
Info: ----------------------------------------------------------
Info: ----------------------------------------------------------
Info: Generated report 'TopDE.archive.rpt'
Info (23030): Evaluation of Tcl script c:/intelfpga/23.1std/quartus/common/tcl/apps/qpm/qar.tcl was successful
Info: Quartus Prime Shell was successful. 0 errors, 1 warning
    Info: Peak virtual memory: 4832 megabytes
    Info: Processing ended: Thu Feb 13 19:40:31 2025
    Info: Elapsed time: 00:00:01
    Info: Total CPU time (on all processors): 00:00:01


+-------------------------------+
; Files Archived                ;
+-------------------------------+
; File Name                     ;
+-------------------------------+
; ALU.v                         ;
; ALUControle.v                 ;
; assignment_defaults.qdf       ;
; Controle.v                    ;
; de1_data.mif                  ;
; de1_text.mif                  ;
; decoder7.v                    ;
; fdiv.v                        ;
; GeradorImediato.v             ;
; Multiciclo.v                  ;
; params.v                      ;
; Pipeline.v                    ;
; ramD.qip                      ;
; ramD.v                        ;
; ramI.qip                      ;
; ramI.v                        ;
; Registradores.v               ;
; TopDE.qpf                     ;
; TopDE.qsf                     ;
; TopDE.v                       ;
; TopDE_assignment_defaults.qdf ;
; Uniciclo.v                    ;
; Waveform.vwf                  ;
+-------------------------------+


